

*******************************************************************************
Wed Feb  1 18:50:36 2017


FIT:    data read from 'averages.csv' u ($1):($2)
        format = x:z
        x range restricted to [1.00000 : 28.0000]
        #datapoints = 26
        residuals are weighted equally (unit weight)

function used for fitting: f(x)
	f(x) = a*x**2 + b*x + c
fitted parameters initialized with current variable values

iter      chisq       delta/lim  lambda   a             b             c            
   0 2.3862653786e+05   0.00e+00  2.20e+02    1.000000e+00   1.000000e+00   1.000000e+00
   6 3.7113579640e+03  -1.83e-05  2.20e-04    1.603284e+00  -2.085415e+01   7.392271e+01

After 6 iterations the fit converged.
final sum of squares of residuals : 3711.36
rel. change during last iteration : -1.83243e-10

degrees of freedom    (FIT_NDF)                        : 23
rms of residuals      (FIT_STDFIT) = sqrt(WSSR/ndf)    : 12.7029
variance of residuals (reduced chisquare) = WSSR/ndf   : 161.363

Final set of parameters            Asymptotic Standard Error
=======================            ==========================
a               = 1.60328          +/- 0.04963      (3.095%)
b               = -20.8542         +/- 1.574        (7.547%)
c               = 73.9227          +/- 10.77        (14.58%)

correlation matrix of the fit parameters:
                a      b      c      
a               1.000 
b              -0.977  1.000 
c               0.847 -0.929  1.000 


*******************************************************************************
Wed Feb  1 18:52:09 2017


FIT:    data read from 'averages.csv' u ($1):($2)
        format = x:z
        x range restricted to [1.00000 : 28.0000]
        #datapoints = 26
        residuals are weighted equally (unit weight)

function used for fitting: f(x)
	f(x) = a*x**2 + b*x + c
fitted parameters initialized with current variable values

iter      chisq       delta/lim  lambda   a             b             c            
   0 2.3862653786e+05   0.00e+00  2.20e+02    1.000000e+00   1.000000e+00   1.000000e+00
   6 3.7113579640e+03  -1.83e-05  2.20e-04    1.603284e+00  -2.085415e+01   7.392271e+01

After 6 iterations the fit converged.
final sum of squares of residuals : 3711.36
rel. change during last iteration : -1.83243e-10

degrees of freedom    (FIT_NDF)                        : 23
rms of residuals      (FIT_STDFIT) = sqrt(WSSR/ndf)    : 12.7029
variance of residuals (reduced chisquare) = WSSR/ndf   : 161.363

Final set of parameters            Asymptotic Standard Error
=======================            ==========================
a               = 1.60328          +/- 0.04963      (3.095%)
b               = -20.8542         +/- 1.574        (7.547%)
c               = 73.9227          +/- 10.77        (14.58%)

correlation matrix of the fit parameters:
                a      b      c      
a               1.000 
b              -0.977  1.000 
c               0.847 -0.929  1.000 


*******************************************************************************
Wed Feb  1 18:52:19 2017


FIT:    data read from 'averages.csv' u ($1):($2)
        format = x:z
        x range restricted to [1.00000 : 28.0000]
        #datapoints = 26
        residuals are weighted equally (unit weight)

function used for fitting: f(x)
	f(x) = a*x**2 + b*x + c
fitted parameters initialized with current variable values

iter      chisq       delta/lim  lambda   a             b             c            
   0 2.3862653786e+05   0.00e+00  2.20e+02    1.000000e+00   1.000000e+00   1.000000e+00
   6 3.7113579640e+03  -1.83e-05  2.20e-04    1.603284e+00  -2.085415e+01   7.392271e+01

After 6 iterations the fit converged.
final sum of squares of residuals : 3711.36
rel. change during last iteration : -1.83243e-10

degrees of freedom    (FIT_NDF)                        : 23
rms of residuals      (FIT_STDFIT) = sqrt(WSSR/ndf)    : 12.7029
variance of residuals (reduced chisquare) = WSSR/ndf   : 161.363

Final set of parameters            Asymptotic Standard Error
=======================            ==========================
a               = 1.60328          +/- 0.04963      (3.095%)
b               = -20.8542         +/- 1.574        (7.547%)
c               = 73.9227          +/- 10.77        (14.58%)

correlation matrix of the fit parameters:
                a      b      c      
a               1.000 
b              -0.977  1.000 
c               0.847 -0.929  1.000 


*******************************************************************************
Wed Feb  1 18:52:37 2017


FIT:    data read from 'averages.csv' u ($1):($2)
        format = x:z
        x range restricted to [1.00000 : 28.0000]
        #datapoints = 26
        residuals are weighted equally (unit weight)

function used for fitting: f(x)
	f(x) = a*x**2 + b*x + c
fitted parameters initialized with current variable values

BREAK: no parameter specified

*******************************************************************************
Wed Feb  1 18:52:47 2017


FIT:    data read from 'averages.csv' u ($1):($2)
        format = x:z
        x range restricted to [1.00000 : 28.0000]
        #datapoints = 26
        residuals are weighted equally (unit weight)

function used for fitting: f(x)
	f(x) = a*x**2 + b*x + 0
fitted parameters initialized with current variable values

iter      chisq       delta/lim  lambda   a             b            
   0 2.3413150663e+05   0.00e+00  2.69e+02    1.000000e+00   1.000000e+00
   5 1.1306700997e+04  -1.09e-06  2.69e-03    1.314739e+00  -1.082032e+01

After 5 iterations the fit converged.
final sum of squares of residuals : 11306.7
rel. change during last iteration : -1.09495e-11

degrees of freedom    (FIT_NDF)                        : 24
rms of residuals      (FIT_STDFIT) = sqrt(WSSR/ndf)    : 21.7051
variance of residuals (reduced chisquare) = WSSR/ndf   : 471.113

Final set of parameters            Asymptotic Standard Error
=======================            ==========================
a               = 1.31474          +/- 0.04501      (3.424%)
b               = -10.8203         +/- 0.9937       (9.183%)

correlation matrix of the fit parameters:
                a      b      
a               1.000 
b              -0.969  1.000 


*******************************************************************************
Wed Feb  1 18:54:50 2017


FIT:    data read from 'averages.csv' u ($1):($2)
        format = x:z
        x range restricted to [1.00000 : 28.0000]
        #datapoints = 26
        residuals are weighted equally (unit weight)

function used for fitting: f(x)
	f(x) = a1*x**2 + b1*x + c1
fitted parameters initialized with current variable values

iter      chisq       delta/lim  lambda   a1            b1            c1           
   0 2.3862653786e+05   0.00e+00  2.20e+02    1.000000e+00   1.000000e+00   1.000000e+00
   6 3.7113579640e+03  -1.83e-05  2.20e-04    1.603284e+00  -2.085415e+01   7.392271e+01

After 6 iterations the fit converged.
final sum of squares of residuals : 3711.36
rel. change during last iteration : -1.83243e-10

degrees of freedom    (FIT_NDF)                        : 23
rms of residuals      (FIT_STDFIT) = sqrt(WSSR/ndf)    : 12.7029
variance of residuals (reduced chisquare) = WSSR/ndf   : 161.363

Final set of parameters            Asymptotic Standard Error
=======================            ==========================
a1              = 1.60328          +/- 0.04963      (3.095%)
b1              = -20.8542         +/- 1.574        (7.547%)
c1              = 73.9227          +/- 10.77        (14.58%)

correlation matrix of the fit parameters:
                a1     b1     c1     
a1              1.000 
b1             -0.977  1.000 
c1              0.847 -0.929  1.000 


*******************************************************************************
Wed Feb  1 18:54:50 2017


FIT:    data read from 'averages.csv' u ($1):($3)
        format = x:z
        x range restricted to [1.00000 : 28.0000]
        #datapoints = 26
        residuals are weighted equally (unit weight)

function used for fitting: g(x)
	g(x) = a2*x**2 + b2*x + c2
fitted parameters initialized with current variable values

iter      chisq       delta/lim  lambda   a2            b2            c2           
   0 2.1066177116e+06   0.00e+00  2.20e+02    1.000000e+00   1.000000e+00   1.000000e+00
   6 8.6145794731e+03  -8.23e-07  2.20e-04    5.365494e-01  -6.528175e+00   2.448095e+01

After 6 iterations the fit converged.
final sum of squares of residuals : 8614.58
rel. change during last iteration : -8.22819e-12

degrees of freedom    (FIT_NDF)                        : 23
rms of residuals      (FIT_STDFIT) = sqrt(WSSR/ndf)    : 19.3532
variance of residuals (reduced chisquare) = WSSR/ndf   : 374.547

Final set of parameters            Asymptotic Standard Error
=======================            ==========================
a2              = 0.536549         +/- 0.07561      (14.09%)
b2              = -6.52817         +/- 2.398        (36.73%)
c2              = 24.4809          +/- 16.42        (67.05%)

correlation matrix of the fit parameters:
                a2     b2     c2     
a2              1.000 
b2             -0.977  1.000 
c2              0.847 -0.929  1.000 


*******************************************************************************
Wed Feb  1 18:54:50 2017


FIT:    data read from 'averages.csv' u ($1):($4)
        format = x:z
        x range restricted to [1.00000 : 28.0000]
        #datapoints = 26
        residuals are weighted equally (unit weight)

function used for fitting: h(x)
	h(x) = a3*x**2 + b3*x + c3
fitted parameters initialized with current variable values

iter      chisq       delta/lim  lambda   a3            b3            c3           
   0 3.8361538145e+06   0.00e+00  2.20e+02    1.000000e+00   1.000000e+00   1.000000e+00
   6 5.5796240150e-01  -7.79e-06  2.20e-04    3.381921e-02   2.550654e-02   2.643399e-01

After 6 iterations the fit converged.
final sum of squares of residuals : 0.557962
rel. change during last iteration : -7.79063e-11

degrees of freedom    (FIT_NDF)                        : 23
rms of residuals      (FIT_STDFIT) = sqrt(WSSR/ndf)    : 0.155754
variance of residuals (reduced chisquare) = WSSR/ndf   : 0.0242592

Final set of parameters            Asymptotic Standard Error
=======================            ==========================
a3              = 0.0338192        +/- 0.0006085    (1.799%)
b3              = 0.0255065        +/- 0.0193       (75.66%)
c3              = 0.26434          +/- 0.1321       (49.98%)

correlation matrix of the fit parameters:
                a3     b3     c3     
a3              1.000 
b3             -0.977  1.000 
c3              0.847 -0.929  1.000 


*******************************************************************************
Wed Feb  1 18:55:07 2017


FIT:    data read from 'averages.csv' u ($1):($2)
        format = x:z
        x range restricted to [1.00000 : 28.0000]
        #datapoints = 26
        residuals are weighted equally (unit weight)

function used for fitting: f(x)
	f(x) = a1*x**2 + b1*x + c1
fitted parameters initialized with current variable values

iter      chisq       delta/lim  lambda   a1            b1            c1           
   0 2.3862653786e+05   0.00e+00  2.20e+02    1.000000e+00   1.000000e+00   1.000000e+00
   6 3.7113579640e+03  -1.83e-05  2.20e-04    1.603284e+00  -2.085415e+01   7.392271e+01

After 6 iterations the fit converged.
final sum of squares of residuals : 3711.36
rel. change during last iteration : -1.83243e-10

degrees of freedom    (FIT_NDF)                        : 23
rms of residuals      (FIT_STDFIT) = sqrt(WSSR/ndf)    : 12.7029
variance of residuals (reduced chisquare) = WSSR/ndf   : 161.363

Final set of parameters            Asymptotic Standard Error
=======================            ==========================
a1              = 1.60328          +/- 0.04963      (3.095%)
b1              = -20.8542         +/- 1.574        (7.547%)
c1              = 73.9227          +/- 10.77        (14.58%)

correlation matrix of the fit parameters:
                a1     b1     c1     
a1              1.000 
b1             -0.977  1.000 
c1              0.847 -0.929  1.000 


*******************************************************************************
Wed Feb  1 18:55:07 2017


FIT:    data read from 'averages.csv' u ($1):($3)
        format = x:z
        x range restricted to [1.00000 : 28.0000]
        #datapoints = 26
        residuals are weighted equally (unit weight)

function used for fitting: g(x)
	g(x) = a2*x**2 + b2*x + c2
fitted parameters initialized with current variable values

iter      chisq       delta/lim  lambda   a2            b2            c2           
   0 2.1066177116e+06   0.00e+00  2.20e+02    1.000000e+00   1.000000e+00   1.000000e+00
   6 8.6145794731e+03  -8.23e-07  2.20e-04    5.365494e-01  -6.528175e+00   2.448095e+01

After 6 iterations the fit converged.
final sum of squares of residuals : 8614.58
rel. change during last iteration : -8.22819e-12

degrees of freedom    (FIT_NDF)                        : 23
rms of residuals      (FIT_STDFIT) = sqrt(WSSR/ndf)    : 19.3532
variance of residuals (reduced chisquare) = WSSR/ndf   : 374.547

Final set of parameters            Asymptotic Standard Error
=======================            ==========================
a2              = 0.536549         +/- 0.07561      (14.09%)
b2              = -6.52817         +/- 2.398        (36.73%)
c2              = 24.4809          +/- 16.42        (67.05%)

correlation matrix of the fit parameters:
                a2     b2     c2     
a2              1.000 
b2             -0.977  1.000 
c2              0.847 -0.929  1.000 


*******************************************************************************
Wed Feb  1 18:55:07 2017


FIT:    data read from 'averages.csv' u ($1):($4)
        format = x:z
        x range restricted to [1.00000 : 28.0000]
        #datapoints = 26
        residuals are weighted equally (unit weight)

function used for fitting: h(x)
	h(x) = a3*x**2 + b3*x + c3
fitted parameters initialized with current variable values

iter      chisq       delta/lim  lambda   a3            b3            c3           
   0 3.8361538145e+06   0.00e+00  2.20e+02    1.000000e+00   1.000000e+00   1.000000e+00
   6 5.5796240150e-01  -7.79e-06  2.20e-04    3.381921e-02   2.550654e-02   2.643399e-01

After 6 iterations the fit converged.
final sum of squares of residuals : 0.557962
rel. change during last iteration : -7.79063e-11

degrees of freedom    (FIT_NDF)                        : 23
rms of residuals      (FIT_STDFIT) = sqrt(WSSR/ndf)    : 0.155754
variance of residuals (reduced chisquare) = WSSR/ndf   : 0.0242592

Final set of parameters            Asymptotic Standard Error
=======================            ==========================
a3              = 0.0338192        +/- 0.0006085    (1.799%)
b3              = 0.0255065        +/- 0.0193       (75.66%)
c3              = 0.26434          +/- 0.1321       (49.98%)

correlation matrix of the fit parameters:
                a3     b3     c3     
a3              1.000 
b3             -0.977  1.000 
c3              0.847 -0.929  1.000 
