

*******************************************************************************
Wed Feb  1 18:56:07 2017


FIT:    data read from 'averages.csv' u ($1):($2)
        format = x:z
        x range restricted to [1.00000 : 28.0000]
        #datapoints = 28
        residuals are weighted equally (unit weight)

function used for fitting: f(x)
	f(x) = a1*x**2 + b1*x + c1
fitted parameters initialized with current variable values

iter      chisq       delta/lim  lambda   a1            b1            c1           
   0 4.7980430611e+05   0.00e+00  2.12e+02    1.000000e+00   1.000000e+00   1.000000e+00
   6 2.9353234138e+02  -7.36e-08  2.12e-04   -3.019375e-02   2.779433e+01   9.900232e+00

After 6 iterations the fit converged.
final sum of squares of residuals : 293.532
rel. change during last iteration : -7.36075e-13

degrees of freedom    (FIT_NDF)                        : 25
rms of residuals      (FIT_STDFIT) = sqrt(WSSR/ndf)    : 3.42656
variance of residuals (reduced chisquare) = WSSR/ndf   : 11.7413

Final set of parameters            Asymptotic Standard Error
=======================            ==========================
a1              = -0.0301938       +/- 0.01112      (36.82%)
b1              = 27.7943          +/- 0.3322       (1.195%)
c1              = 9.90023          +/- 2.09         (21.11%)

correlation matrix of the fit parameters:
                a1     b1     c1     
a1              1.000 
b1             -0.970  1.000 
c1              0.771 -0.883  1.000 


*******************************************************************************
Wed Feb  1 18:56:07 2017


FIT:    data read from 'averages.csv' u ($1):($3)
        format = x:z
        x range restricted to [1.00000 : 28.0000]
        #datapoints = 28
        residuals are weighted equally (unit weight)

function used for fitting: g(x)
	g(x) = a2*x**2 + b2*x + c2
fitted parameters initialized with current variable values

iter      chisq       delta/lim  lambda   a2            b2            c2           
   0 1.6322304804e+06   0.00e+00  2.12e+02    1.000000e+00   1.000000e+00   1.000000e+00
   6 2.3059142165e+04  -6.97e-08  2.12e-04   -1.660566e-02   7.537508e+00   4.623013e+01

After 6 iterations the fit converged.
final sum of squares of residuals : 23059.1
rel. change during last iteration : -6.96543e-13

degrees of freedom    (FIT_NDF)                        : 25
rms of residuals      (FIT_STDFIT) = sqrt(WSSR/ndf)    : 30.3705
variance of residuals (reduced chisquare) = WSSR/ndf   : 922.366

Final set of parameters            Asymptotic Standard Error
=======================            ==========================
a2              = -0.0166057       +/- 0.09853      (593.4%)
b2              = 7.53751          +/- 2.944        (39.06%)
c2              = 46.2301          +/- 18.53        (40.07%)

correlation matrix of the fit parameters:
                a2     b2     c2     
a2              1.000 
b2             -0.970  1.000 
c2              0.771 -0.883  1.000 


*******************************************************************************
Wed Feb  1 18:56:07 2017


FIT:    data read from 'averages.csv' u ($1):($4)
        format = x:z
        x range restricted to [1.00000 : 28.0000]
        #datapoints = 28
        residuals are weighted equally (unit weight)

function used for fitting: h(x)
	h(x) = a3*x**2 + b3*x + c3
fitted parameters initialized with current variable values

iter      chisq       delta/lim  lambda   a3            b3            c3           
   0 3.6822709270e+06   0.00e+00  2.12e+02    1.000000e+00   1.000000e+00   1.000000e+00
   6 8.6131384878e+00  -9.82e-05  2.12e-04    1.293597e-02  -5.408828e-01   3.292818e+01

After 6 iterations the fit converged.
final sum of squares of residuals : 8.61314
rel. change during last iteration : -9.81688e-10

degrees of freedom    (FIT_NDF)                        : 25
rms of residuals      (FIT_STDFIT) = sqrt(WSSR/ndf)    : 0.586963
variance of residuals (reduced chisquare) = WSSR/ndf   : 0.344526

Final set of parameters            Asymptotic Standard Error
=======================            ==========================
a3              = 0.012936         +/- 0.001904     (14.72%)
b3              = -0.540883        +/- 0.05691      (10.52%)
c3              = 32.9282          +/- 0.358        (1.087%)

correlation matrix of the fit parameters:
                a3     b3     c3     
a3              1.000 
b3             -0.970  1.000 
c3              0.771 -0.883  1.000 
